[2020-05-18 02:38:46] local.ERROR: SQLSTATE[HY000] [2002] Connection refused (SQL: select * from `settings` where `id` = 94 limit 1) {"exception":"[object] (Illuminate\\Database\\QueryException(code: 2002): SQLSTATE[HY000] [2002] Connection refused (SQL: select * from `settings` where `id` = 94 limit 1) at /app/data/User/admin/home/desktop/uploads/laravel-ecommerce-universal v4.0.12 preinstalled/vendor/laravel/framework/src/Illuminate/Database/Connection.php:665)
[stacktrace]
#0 /app/data/User/admin/home/desktop/uploads/laravel-ecommerce-universal v4.0.12 preinstalled/vendor/laravel/framework/src/Illuminate/Database/Connection.php(625): Illuminate\\Database\\Connection->runQueryCallback()
#1 /app/data/User/admin/home/desktop/uploads/laravel-ecommerce-universal v4.0.12 preinstalled/vendor/laravel/framework/src/Illuminate/Database/Connection.php(334): Illuminate\\Database\\Connection->run()
#2 /app/data/User/admin/home/desktop/uploads/laravel-ecommerce-universal v4.0.12 preinstalled/vendor/laravel/framework/src/Illuminate/Database/Query/Builder.php(2140): Illuminate\\Database\\Connection->select()
#3 /app/data/User/admin/home/desktop/uploads/laravel-ecommerce-universal v4.0.12 preinstalled/vendor/laravel/framework/src/Illuminate/Database/Query/Builder.php(2128): Illuminate\\Database\\Query\\Builder->runSelect()
#4 /app/data/User/admin/home/desktop/uploads/laravel-ecommerce-universal v4.0.12 preinstalled/vendor/laravel/framework/src/Illuminate/Database/Query/Builder.php(2572): Illuminate\\Database\\Query\\Builder->Illuminate\\Database\\Query\\{closure}()
#5 /app/data/User/admin/home/desktop/uploads/laravel-ecommerce-universal v4.0.12 preinstalled/vendor/laravel/framework/src/Illuminate/Database/Query/Builder.php(2129): Illuminate\\Database\\Query\\Builder->onceWithColumns()
#6 /app/data/User/admin/home/desktop/uploads/laravel-ecommerce-universal v4.0.12 preinstalled/vendor/laravel/framework/src/Illuminate/Database/Concerns/BuildsQueries.php(143): Illuminate\\Database\\Query\\Builder->get()
#7 /app/data/User/admin/home/desktop/uploads/laravel-ecommerce-universal v4.0.12 preinstalled/routes/web.php(3): Illuminate\\Database\\Query\\Builder->first()
#8 /app/data/User/admin/home/desktop/uploads/laravel-ecommerce-universal v4.0.12 preinstalled/vendor/laravel/framework/src/Illuminate/Routing/RouteFileRegistrar.php(35): require('/app/data/User/...')
#9 /app/data/User/admin/home/desktop/uploads/laravel-ecommerce-universal v4.0.12 preinstalled/vendor/laravel/framework/src/Illuminate/Routing/Router.php(415): Illuminate\\Routing\\RouteFileRegistrar->register()
#10 /app/data/User/admin/home/desktop/uploads/laravel-ecommerce-universal v4.0.12 preinstalled/vendor/laravel/framework/src/Illuminate/Routing/Router.php(373): Illuminate\\Routing\\Router->loadRoutes()
#11 /app/data/User/admin/home/desktop/uploads/laravel-ecommerce-universal v4.0.12 preinstalled/vendor/laravel/framework/src/Illuminate/Routing/RouteRegistrar.php(121): Illuminate\\Routing\\Router->group()
#12 /app/data/User/admin/home/desktop/uploads/laravel-ecommerce-universal v4.0.12 preinstalled/app/Providers/RouteServiceProvider.php(60): Illuminate\\Routing\\RouteRegistrar->group()
#13 /app/data/User/admin/home/desktop/uploads/laravel-ecommerce-universal v4.0.12 preinstalled/app/Providers/RouteServiceProvider.php(40): App\\Providers\\RouteServiceProvider->mapWebRoutes()
#14 [internal function]: App\\Providers\\RouteServiceProvider->map()
#15 /app/data/User/admin/home/desktop/uploads/laravel-ecommerce-universal v4.0.12 preinstalled/vendor/laravel/framework/src/Illuminate/Container/BoundMethod.php(32): call_user_func_array()
#16 /app/data/User/admin/home/desktop/uploads/laravel-ecommerce-universal v4.0.12 preinstalled/vendor/laravel/framework/src/Illuminate/Container/BoundMethod.php(90): Illuminate\\Container\\BoundMethod::Illuminate\\Container\\{closure}()
#17 /app/data/User/admin/home/desktop/uploads/laravel-ecommerce-universal v4.0.12 preinstalled/vendor/laravel/framework/src/Illuminate/Container/BoundMethod.php(34): Illuminate\\Container\\BoundMethod::callBoundMethod()
#18 /app/data/User/admin/home/desktop/uploads/laravel-ecommerce-universal v4.0.12 preinstalled/vendor/laravel/framework/src/Illuminate/Container/Container.php(591): Illuminate\\Container\\BoundMethod::call()
#19 /app/data/User/admin/home/desktop/uploads/laravel-ecommerce-universal v4.0.12 preinstalled/vendor/laravel/framework/src/Illuminate/Foundation/Support/Providers/RouteServiceProvider.php(87): Illuminate\\Container\\Container->call()
#20 /app/data/User/admin/home/desktop/uploads/laravel-ecommerce-universal v4.0.12 preinstalled/vendor/laravel/framework/src/Illuminate/Foundation/Support/Providers/RouteServiceProvider.php(36): Illuminate\\Foundation\\Support\\Providers\\RouteServiceProvider->loadRoutes()
#21 /app/data/User/admin/home/desktop/uploads/laravel-ecommerce-universal v4.0.12 preinstalled/app/Providers/RouteServiceProvider.php(28): Illuminate\\Foundation\\Support\\Providers\\RouteServiceProvider->boot()
#22 [internal function]: App\\Providers\\RouteServiceProvider->boot()
#23 /app/data/User/admin/home/desktop/uploads/laravel-ecommerce-universal v4.0.12 preinstalled/vendor/laravel/framework/src/Illuminate/Container/BoundMethod.php(32): call_user_func_array()
#24 /app/data/User/admin/home/desktop/uploads/laravel-ecommerce-universal v4.0.12 preinstalled/vendor/laravel/framework/src/Illuminate/Container/BoundMethod.php(90): Illuminate\\Container\\BoundMethod::Illuminate\\Container\\{closure}()
#25 /app/data/User/admin/home/desktop/uploads/laravel-ecommerce-universal v4.0.12 preinstalled/vendor/laravel/framework/src/Illuminate/Container/BoundMethod.php(34): Illuminate\\Container\\BoundMethod::callBoundMethod()
#26 /app/data/User/admin/home/desktop/uploads/laravel-ecommerce-universal v4.0.12 preinstalled/vendor/laravel/framework/src/Illuminate/Container/Container.php(591): Illuminate\\Container\\BoundMethod::call()
#27 /app/data/User/admin/home/desktop/uploads/laravel-ecommerce-universal v4.0.12 preinstalled/vendor/laravel/framework/src/Illuminate/Foundation/Application.php(828): Illuminate\\Container\\Container->call()
#28 /app/data/User/admin/home/desktop/uploads/laravel-ecommerce-universal v4.0.12 preinstalled/vendor/laravel/framework/src/Illuminate/Foundation/Application.php(811): Illuminate\\Foundation\\Application->bootProvider()
#29 [internal function]: Illuminate\\Foundation\\Application->Illuminate\\Foundation\\{closure}()
#30 /app/data/User/admin/home/desktop/uploads/laravel-ecommerce-universal v4.0.12 preinstalled/vendor/laravel/framework/src/Illuminate/Foundation/Application.php(812): array_walk()
#31 /app/data/User/admin/home/desktop/uploads/laravel-ecommerce-universal v4.0.12 preinstalled/vendor/laravel/framework/src/Illuminate/Foundation/Bootstrap/BootProviders.php(17): Illuminate\\Foundation\\Application->boot()
#32 /app/data/User/admin/home/desktop/uploads/laravel-ecommerce-universal v4.0.12 preinstalled/vendor/laravel/framework/src/Illuminate/Foundation/Application.php(211): Illuminate\\Foundation\\Bootstrap\\BootProviders->bootstrap()
#33 /app/data/User/admin/home/desktop/uploads/laravel-ecommerce-universal v4.0.12 preinstalled/vendor/laravel/framework/src/Illuminate/Foundation/Http/Kernel.php(162): Illuminate\\Foundation\\Application->bootstrapWith()
#34 /app/data/User/admin/home/desktop/uploads/laravel-ecommerce-universal v4.0.12 preinstalled/vendor/laravel/framework/src/Illuminate/Foundation/Http/Kernel.php(146): Illuminate\\Foundation\\Http\\Kernel->bootstrap()
#35 /app/data/User/admin/home/desktop/uploads/laravel-ecommerce-universal v4.0.12 preinstalled/vendor/laravel/framework/src/Illuminate/Foundation/Http/Kernel.php(116): Illuminate\\Foundation\\Http\\Kernel->sendRequestThroughRouter()
#36 /app/data/User/admin/home/desktop/uploads/laravel-ecommerce-universal v4.0.12 preinstalled/public/index.php(55): Illuminate\\Foundation\\Http\\Kernel->handle()
#37 {main}

[previous exception] [object] (Doctrine\\DBAL\\Driver\\PDOException(code: 2002): SQLSTATE[HY000] [2002] Connection refused at /app/data/User/admin/home/desktop/uploads/laravel-ecommerce-universal v4.0.12 preinstalled/vendor/doctrine/dbal/lib/Doctrine/DBAL/Driver/PDOConnection.php:31)
[stacktrace]
#0 /app/data/User/admin/home/desktop/uploads/laravel-ecommerce-universal v4.0.12 preinstalled/vendor/laravel/framework/src/Illuminate/Database/Connectors/Connector.php(67): Doctrine\\DBAL\\Driver\\PDOConnection->__construct()
#1 /app/data/User/admin/home/desktop/uploads/laravel-ecommerce-universal v4.0.12 preinstalled/vendor/laravel/framework/src/Illuminate/Database/Connectors/Connector.php(46): Illuminate\\Database\\Connectors\\Connector->createPdoConnection()
#2 /app/data/User/admin/home/desktop/uploads/laravel-ecommerce-universal v4.0.12 preinstalled/vendor/laravel/framework/src/Illuminate/Database/Connectors/MySqlConnector.php(24): Illuminate\\Database\\Connectors\\Connector->createConnection()
#3 /app/data/User/admin/home/desktop/uploads/laravel-ecommerce-universal v4.0.12 preinstalled/vendor/laravel/framework/src/Illuminate/Database/Connectors/ConnectionFactory.php(182): Illuminate\\Database\\Connectors\\MySqlConnector->connect()
#4 [internal function]: Illuminate\\Database\\Connectors\\ConnectionFactory->Illuminate\\Database\\Connectors\\{closure}()
#5 /app/data/User/admin/home/desktop/uploads/laravel-ecommerce-universal v4.0.12 preinstalled/vendor/laravel/framework/src/Illuminate/Database/Connection.php(920): call_user_func()
#6 /app/data/User/admin/home/desktop/uploads/laravel-ecommerce-universal v4.0.12 preinstalled/vendor/laravel/framework/src/Illuminate/Database/Connection.php(945): Illuminate\\Database\\Connection->getPdo()
#7 /app/data/User/admin/home/desktop/uploads/laravel-ecommerce-universal v4.0.12 preinstalled/vendor/laravel/framework/src/Illuminate/Database/Connection.php(400): Illuminate\\Database\\Connection->getReadPdo()
#8 /app/data/User/admin/home/desktop/uploads/laravel-ecommerce-universal v4.0.12 preinstalled/vendor/laravel/framework/src/Illuminate/Database/Connection.php(326): Illuminate\\Database\\Connection->getPdoForSelect()
#9 /app/data/User/admin/home/desktop/uploads/laravel-ecommerce-universal v4.0.12 preinstalled/vendor/laravel/framework/src/Illuminate/Database/Connection.php(658): Illuminate\\Database\\Connection->Illuminate\\Database\\{closure}()
#10 /app/data/User/admin/home/desktop/uploads/laravel-ecommerce-universal v4.0.12 preinstalled/vendor/laravel/framework/src/Illuminate/Database/Connection.php(625): Illuminate\\Database\\Connection->runQueryCallback()
#11 /app/data/User/admin/home/desktop/uploads/laravel-ecommerce-universal v4.0.12 preinstalled/vendor/laravel/framework/src/Illuminate/Database/Connection.php(334): Illuminate\\Database\\Connection->run()
#12 /app/data/User/admin/home/desktop/uploads/laravel-ecommerce-universal v4.0.12 preinstalled/vendor/laravel/framework/src/Illuminate/Database/Query/Builder.php(2140): Illuminate\\Database\\Connection->select()
#13 /app/data/User/admin/home/desktop/uploads/laravel-ecommerce-universal v4.0.12 preinstalled/vendor/laravel/framework/src/Illuminate/Database/Query/Builder.php(2128): Illuminate\\Database\\Query\\Builder->runSelect()
#14 /app/data/User/admin/home/desktop/uploads/laravel-ecommerce-universal v4.0.12 preinstalled/vendor/laravel/framework/src/Illuminate/Database/Query/Builder.php(2572): Illuminate\\Database\\Query\\Builder->Illuminate\\Database\\Query\\{closure}()
#15 /app/data/User/admin/home/desktop/uploads/laravel-ecommerce-universal v4.0.12 preinstalled/vendor/laravel/framework/src/Illuminate/Database/Query/Builder.php(2129): Illuminate\\Database\\Query\\Builder->onceWithColumns()
#16 /app/data/User/admin/home/desktop/uploads/laravel-ecommerce-universal v4.0.12 preinstalled/vendor/laravel/framework/src/Illuminate/Database/Concerns/BuildsQueries.php(143): Illuminate\\Database\\Query\\Builder->get()
#17 /app/data/User/admin/home/desktop/uploads/laravel-ecommerce-universal v4.0.12 preinstalled/routes/web.php(3): Illuminate\\Database\\Query\\Builder->first()
#18 /app/data/User/admin/home/desktop/uploads/laravel-ecommerce-universal v4.0.12 preinstalled/vendor/laravel/framework/src/Illuminate/Routing/RouteFileRegistrar.php(35): require('/app/data/User/...')
#19 /app/data/User/admin/home/desktop/uploads/laravel-ecommerce-universal v4.0.12 preinstalled/vendor/laravel/framework/src/Illuminate/Routing/Router.php(415): Illuminate\\Routing\\RouteFileRegistrar->register()
#20 /app/data/User/admin/home/desktop/uploads/laravel-ecommerce-universal v4.0.12 preinstalled/vendor/laravel/framework/src/Illuminate/Routing/Router.php(373): Illuminate\\Routing\\Router->loadRoutes()
#21 /app/data/User/admin/home/desktop/uploads/laravel-ecommerce-universal v4.0.12 preinstalled/vendor/laravel/framework/src/Illuminate/Routing/RouteRegistrar.php(121): Illuminate\\Routing\\Router->group()
#22 /app/data/User/admin/home/desktop/uploads/laravel-ecommerce-universal v4.0.12 preinstalled/app/Providers/RouteServiceProvider.php(60): Illuminate\\Routing\\RouteRegistrar->group()
#23 /app/data/User/admin/home/desktop/uploads/laravel-ecommerce-universal v4.0.12 preinstalled/app/Providers/RouteServiceProvider.php(40): App\\Providers\\RouteServiceProvider->mapWebRoutes()
#24 [internal function]: App\\Providers\\RouteServiceProvider->map()
#25 /app/data/User/admin/home/desktop/uploads/laravel-ecommerce-universal v4.0.12 preinstalled/vendor/laravel/framework/src/Illuminate/Container/BoundMethod.php(32): call_user_func_array()
#26 /app/data/User/admin/home/desktop/uploads/laravel-ecommerce-universal v4.0.12 preinstalled/vendor/laravel/framework/src/Illuminate/Container/BoundMethod.php(90): Illuminate\\Container\\BoundMethod::Illuminate\\Container\\{closure}()
#27 /app/data/User/admin/home/desktop/uploads/laravel-ecommerce-universal v4.0.12 preinstalled/vendor/laravel/framework/src/Illuminate/Container/BoundMethod.php(34): Illuminate\\Container\\BoundMethod::callBoundMethod()
#28 /app/data/User/admin/home/desktop/uploads/laravel-ecommerce-universal v4.0.12 preinstalled/vendor/laravel/framework/src/Illuminate/Container/Container.php(591): Illuminate\\Container\\BoundMethod::call()
#29 /app/data/User/admin/home/desktop/uploads/laravel-ecommerce-universal v4.0.12 preinstalled/vendor/laravel/framework/src/Illuminate/Foundation/Support/Providers/RouteServiceProvider.php(87): Illuminate\\Container\\Container->call()
#30 /app/data/User/admin/home/desktop/uploads/laravel-ecommerce-universal v4.0.12 preinstalled/vendor/laravel/framework/src/Illuminate/Foundation/Support/Providers/RouteServiceProvider.php(36): Illuminate\\Foundation\\Support\\Providers\\RouteServiceProvider->loadRoutes()
#31 /app/data/User/admin/home/desktop/uploads/laravel-ecommerce-universal v4.0.12 preinstalled/app/Providers/RouteServiceProvider.php(28): Illuminate\\Foundation\\Support\\Providers\\RouteServiceProvider->boot()
#32 [internal function]: App\\Providers\\RouteServiceProvider->boot()
#33 /app/data/User/admin/home/desktop/uploads/laravel-ecommerce-universal v4.0.12 preinstalled/vendor/laravel/framework/src/Illuminate/Container/BoundMethod.php(32): call_user_func_array()
#34 /app/data/User/admin/home/desktop/uploads/laravel-ecommerce-universal v4.0.12 preinstalled/vendor/laravel/framework/src/Illuminate/Container/BoundMethod.php(90): Illuminate\\Container\\BoundMethod::Illuminate\\Container\\{closure}()
#35 /app/data/User/admin/home/desktop/uploads/laravel-ecommerce-universal v4.0.12 preinstalled/vendor/laravel/framework/src/Illuminate/Container/BoundMethod.php(34): Illuminate\\Container\\BoundMethod::callBoundMethod()
#36 /app/data/User/admin/home/desktop/uploads/laravel-ecommerce-universal v4.0.12 preinstalled/vendor/laravel/framework/src/Illuminate/Container/Container.php(591): Illuminate\\Container\\BoundMethod::call()
#37 /app/data/User/admin/home/desktop/uploads/laravel-ecommerce-universal v4.0.12 preinstalled/vendor/laravel/framework/src/Illuminate/Foundation/Application.php(828): Illuminate\\Container\\Container->call()
#38 /app/data/User/admin/home/desktop/uploads/laravel-ecommerce-universal v4.0.12 preinstalled/vendor/laravel/framework/src/Illuminate/Foundation/Application.php(811): Illuminate\\Foundation\\Application->bootProvider()
#39 [internal function]: Illuminate\\Foundation\\Application->Illuminate\\Foundation\\{closure}()
#40 /app/data/User/admin/home/desktop/uploads/laravel-ecommerce-universal v4.0.12 preinstalled/vendor/laravel/framework/src/Illuminate/Foundation/Application.php(812): array_walk()
#41 /app/data/User/admin/home/desktop/uploads/laravel-ecommerce-universal v4.0.12 preinstalled/vendor/laravel/framework/src/Illuminate/Foundation/Bootstrap/BootProviders.php(17): Illuminate\\Foundation\\Application->boot()
#42 /app/data/User/admin/home/desktop/uploads/laravel-ecommerce-universal v4.0.12 preinstalled/vendor/laravel/framework/src/Illuminate/Foundation/Application.php(211): Illuminate\\Foundation\\Bootstrap\\BootProviders->bootstrap()
#43 /app/data/User/admin/home/desktop/uploads/laravel-ecommerce-universal v4.0.12 preinstalled/vendor/laravel/framework/src/Illuminate/Foundation/Http/Kernel.php(162): Illuminate\\Foundation\\Application->bootstrapWith()
#44 /app/data/User/admin/home/desktop/uploads/laravel-ecommerce-universal v4.0.12 preinstalled/vendor/laravel/framework/src/Illuminate/Foundation/Http/Kernel.php(146): Illuminate\\Foundation\\Http\\Kernel->bootstrap()
#45 /app/data/User/admin/home/desktop/uploads/laravel-ecommerce-universal v4.0.12 preinstalled/vendor/laravel/framework/src/Illuminate/Foundation/Http/Kernel.php(116): Illuminate\\Foundation\\Http\\Kernel->sendRequestThroughRouter()
#46 /app/data/User/admin/home/desktop/uploads/laravel-ecommerce-universal v4.0.12 preinstalled/public/index.php(55): Illuminate\\Foundation\\Http\\Kernel->handle()
#47 {main}

[previous exception] [object] (PDOException(code: 2002): SQLSTATE[HY000] [2002] Connection refused at /app/data/User/admin/home/desktop/uploads/laravel-ecommerce-universal v4.0.12 preinstalled/vendor/doctrine/dbal/lib/Doctrine/DBAL/Driver/PDOConnection.php:27)
[stacktrace]
#0 /app/data/User/admin/home/desktop/uploads/laravel-ecommerce-universal v4.0.12 preinstalled/vendor/doctrine/dbal/lib/Doctrine/DBAL/Driver/PDOConnection.php(27): PDO->__construct()
#1 /app/data/User/admin/home/desktop/uploads/laravel-ecommerce-universal v4.0.12 preinstalled/vendor/laravel/framework/src/Illuminate/Database/Connectors/Connector.php(67): Doctrine\\DBAL\\Driver\\PDOConnection->__construct()
#2 /app/data/User/admin/home/desktop/uploads/laravel-ecommerce-universal v4.0.12 preinstalled/vendor/laravel/framework/src/Illuminate/Database/Connectors/Connector.php(46): Illuminate\\Database\\Connectors\\Connector->createPdoConnection()
#3 /app/data/User/admin/home/desktop/uploads/laravel-ecommerce-universal v4.0.12 preinstalled/vendor/laravel/framework/src/Illuminate/Database/Connectors/MySqlConnector.php(24): Illuminate\\Database\\Connectors\\Connector->createConnection()
#4 /app/data/User/admin/home/desktop/uploads/laravel-ecommerce-universal v4.0.12 preinstalled/vendor/laravel/framework/src/Illuminate/Database/Connectors/ConnectionFactory.php(182): Illuminate\\Database\\Connectors\\MySqlConnector->connect()
#5 [internal function]: Illuminate\\Database\\Connectors\\ConnectionFactory->Illuminate\\Database\\Connectors\\{closure}()
#6 /app/data/User/admin/home/desktop/uploads/laravel-ecommerce-universal v4.0.12 preinstalled/vendor/laravel/framework/src/Illuminate/Database/Connection.php(920): call_user_func()
#7 /app/data/User/admin/home/desktop/uploads/laravel-ecommerce-universal v4.0.12 preinstalled/vendor/laravel/framework/src/Illuminate/Database/Connection.php(945): Illuminate\\Database\\Connection->getPdo()
#8 /app/data/User/admin/home/desktop/uploads/laravel-ecommerce-universal v4.0.12 preinstalled/vendor/laravel/framework/src/Illuminate/Database/Connection.php(400): Illuminate\\Database\\Connection->getReadPdo()
#9 /app/data/User/admin/home/desktop/uploads/laravel-ecommerce-universal v4.0.12 preinstalled/vendor/laravel/framework/src/Illuminate/Database/Connection.php(326): Illuminate\\Database\\Connection->getPdoForSelect()
#10 /app/data/User/admin/home/desktop/uploads/laravel-ecommerce-universal v4.0.12 preinstalled/vendor/laravel/framework/src/Illuminate/Database/Connection.php(658): Illuminate\\Database\\Connection->Illuminate\\Database\\{closure}()
#11 /app/data/User/admin/home/desktop/uploads/laravel-ecommerce-universal v4.0.12 preinstalled/vendor/laravel/framework/src/Illuminate/Database/Connection.php(625): Illuminate\\Database\\Connection->runQueryCallback()
#12 /app/data/User/admin/home/desktop/uploads/laravel-ecommerce-universal v4.0.12 preinstalled/vendor/laravel/framework/src/Illuminate/Database/Connection.php(334): Illuminate\\Database\\Connection->run()
#13 /app/data/User/admin/home/desktop/uploads/laravel-ecommerce-universal v4.0.12 preinstalled/vendor/laravel/framework/src/Illuminate/Database/Query/Builder.php(2140): Illuminate\\Database\\Connection->select()
#14 /app/data/User/admin/home/desktop/uploads/laravel-ecommerce-universal v4.0.12 preinstalled/vendor/laravel/framework/src/Illuminate/Database/Query/Builder.php(2128): Illuminate\\Database\\Query\\Builder->runSelect()
#15 /app/data/User/admin/home/desktop/uploads/laravel-ecommerce-universal v4.0.12 preinstalled/vendor/laravel/framework/src/Illuminate/Database/Query/Builder.php(2572): Illuminate\\Database\\Query\\Builder->Illuminate\\Database\\Query\\{closure}()
#16 /app/data/User/admin/home/desktop/uploads/laravel-ecommerce-universal v4.0.12 preinstalled/vendor/laravel/framework/src/Illuminate/Database/Query/Builder.php(2129): Illuminate\\Database\\Query\\Builder->onceWithColumns()
#17 /app/data/User/admin/home/desktop/uploads/laravel-ecommerce-universal v4.0.12 preinstalled/vendor/laravel/framework/src/Illuminate/Database/Concerns/BuildsQueries.php(143): Illuminate\\Database\\Query\\Builder->get()
#18 /app/data/User/admin/home/desktop/uploads/laravel-ecommerce-universal v4.0.12 preinstalled/routes/web.php(3): Illuminate\\Database\\Query\\Builder->first()
#19 /app/data/User/admin/home/desktop/uploads/laravel-ecommerce-universal v4.0.12 preinstalled/vendor/laravel/framework/src/Illuminate/Routing/RouteFileRegistrar.php(35): require('/app/data/User/...')
#20 /app/data/User/admin/home/desktop/uploads/laravel-ecommerce-universal v4.0.12 preinstalled/vendor/laravel/framework/src/Illuminate/Routing/Router.php(415): Illuminate\\Routing\\RouteFileRegistrar->register()
#21 /app/data/User/admin/home/desktop/uploads/laravel-ecommerce-universal v4.0.12 preinstalled/vendor/laravel/framework/src/Illuminate/Routing/Router.php(373): Illuminate\\Routing\\Router->loadRoutes()
#22 /app/data/User/admin/home/desktop/uploads/laravel-ecommerce-universal v4.0.12 preinstalled/vendor/laravel/framework/src/Illuminate/Routing/RouteRegistrar.php(121): Illuminate\\Routing\\Router->group()
#23 /app/data/User/admin/home/desktop/uploads/laravel-ecommerce-universal v4.0.12 preinstalled/app/Providers/RouteServiceProvider.php(60): Illuminate\\Routing\\RouteRegistrar->group()
#24 /app/data/User/admin/home/desktop/uploads/laravel-ecommerce-universal v4.0.12 preinstalled/app/Providers/RouteServiceProvider.php(40): App\\Providers\\RouteServiceProvider->mapWebRoutes()
#25 [internal function]: App\\Providers\\RouteServiceProvider->map()
#26 /app/data/User/admin/home/desktop/uploads/laravel-ecommerce-universal v4.0.12 preinstalled/vendor/laravel/framework/src/Illuminate/Container/BoundMethod.php(32): call_user_func_array()
#27 /app/data/User/admin/home/desktop/uploads/laravel-ecommerce-universal v4.0.12 preinstalled/vendor/laravel/framework/src/Illuminate/Container/BoundMethod.php(90): Illuminate\\Container\\BoundMethod::Illuminate\\Container\\{closure}()
#28 /app/data/User/admin/home/desktop/uploads/laravel-ecommerce-universal v4.0.12 preinstalled/vendor/laravel/framework/src/Illuminate/Container/BoundMethod.php(34): Illuminate\\Container\\BoundMethod::callBoundMethod()
#29 /app/data/User/admin/home/desktop/uploads/laravel-ecommerce-universal v4.0.12 preinstalled/vendor/laravel/framework/src/Illuminate/Container/Container.php(591): Illuminate\\Container\\BoundMethod::call()
#30 /app/data/User/admin/home/desktop/uploads/laravel-ecommerce-universal v4.0.12 preinstalled/vendor/laravel/framework/src/Illuminate/Foundation/Support/Providers/RouteServiceProvider.php(87): Illuminate\\Container\\Container->call()
#31 /app/data/User/admin/home/desktop/uploads/laravel-ecommerce-universal v4.0.12 preinstalled/vendor/laravel/framework/src/Illuminate/Foundation/Support/Providers/RouteServiceProvider.php(36): Illuminate\\Foundation\\Support\\Providers\\RouteServiceProvider->loadRoutes()
#32 /app/data/User/admin/home/desktop/uploads/laravel-ecommerce-universal v4.0.12 preinstalled/app/Providers/RouteServiceProvider.php(28): Illuminate\\Foundation\\Support\\Providers\\RouteServiceProvider->boot()
#33 [internal function]: App\\Providers\\RouteServiceProvider->boot()
#34 /app/data/User/admin/home/desktop/uploads/laravel-ecommerce-universal v4.0.12 preinstalled/vendor/laravel/framework/src/Illuminate/Container/BoundMethod.php(32): call_user_func_array()
#35 /app/data/User/admin/home/desktop/uploads/laravel-ecommerce-universal v4.0.12 preinstalled/vendor/laravel/framework/src/Illuminate/Container/BoundMethod.php(90): Illuminate\\Container\\BoundMethod::Illuminate\\Container\\{closure}()
#36 /app/data/User/admin/home/desktop/uploads/laravel-ecommerce-universal v4.0.12 preinstalled/vendor/laravel/framework/src/Illuminate/Container/BoundMethod.php(34): Illuminate\\Container\\BoundMethod::callBoundMethod()
#37 /app/data/User/admin/home/desktop/uploads/laravel-ecommerce-universal v4.0.12 preinstalled/vendor/laravel/framework/src/Illuminate/Container/Container.php(591): Illuminate\\Container\\BoundMethod::call()
#38 /app/data/User/admin/home/desktop/uploads/laravel-ecommerce-universal v4.0.12 preinstalled/vendor/laravel/framework/src/Illuminate/Foundation/Application.php(828): Illuminate\\Container\\Container->call()
#39 /app/data/User/admin/home/desktop/uploads/laravel-ecommerce-universal v4.0.12 preinstalled/vendor/laravel/framework/src/Illuminate/Foundation/Application.php(811): Illuminate\\Foundation\\Application->bootProvider()
#40 [internal function]: Illuminate\\Foundation\\Application->Illuminate\\Foundation\\{closure}()
#41 /app/data/User/admin/home/desktop/uploads/laravel-ecommerce-universal v4.0.12 preinstalled/vendor/laravel/framework/src/Illuminate/Foundation/Application.php(812): array_walk()
#42 /app/data/User/admin/home/desktop/uploads/laravel-ecommerce-universal v4.0.12 preinstalled/vendor/laravel/framework/src/Illuminate/Foundation/Bootstrap/BootProviders.php(17): Illuminate\\Foundation\\Application->boot()
#43 /app/data/User/admin/home/desktop/uploads/laravel-ecommerce-universal v4.0.12 preinstalled/vendor/laravel/framework/src/Illuminate/Foundation/Application.php(211): Illuminate\\Foundation\\Bootstrap\\BootProviders->bootstrap()
#44 /app/data/User/admin/home/desktop/uploads/laravel-ecommerce-universal v4.0.12 preinstalled/vendor/laravel/framework/src/Illuminate/Foundation/Http/Kernel.php(162): Illuminate\\Foundation\\Application->bootstrapWith()
#45 /app/data/User/admin/home/desktop/uploads/laravel-ecommerce-universal v4.0.12 preinstalled/vendor/laravel/framework/src/Illuminate/Foundation/Http/Kernel.php(146): Illuminate\\Foundation\\Http\\Kernel->bootstrap()
#46 /app/data/User/admin/home/desktop/uploads/laravel-ecommerce-universal v4.0.12 preinstalled/vendor/laravel/framework/src/Illuminate/Foundation/Http/Kernel.php(116): Illuminate\\Foundation\\Http\\Kernel->sendRequestThroughRouter()
#47 /app/data/User/admin/home/desktop/uploads/laravel-ecommerce-universal v4.0.12 preinstalled/public/index.php(55): Illuminate\\Foundation\\Http\\Kernel->handle()
#48 {main}
"} 
